<?xml version="1.0" encoding="UTF-8"?>
<!-- Generated by org.testng.reporters.JUnitXMLReporter -->
<testsuite ignored="0" hostname="SrinivasR" failures="0" tests="3" name="Default test" time="76.393" errors="0" timestamp="14 Jul 2023 14:05:09 GMT">
  <testcase classname="EriBankTest" name="loginToEriBank" time="10.927"/>
  <testcase classname="EriBankTest" name="makePayment" time="19.148"/>
  <testcase classname="EriBankTest" name="mortgageRequest" time="46.3"/>
</testsuite> <!-- Default test -->
