<?xml version="1.0" encoding="UTF-8"?>
<!-- Generated by org.testng.reporters.JUnitXMLReporter -->
<testsuite ignored="0" hostname="SrinivasR" failures="0" tests="4" name="Default test" time="88.063" errors="0" timestamp="16 Jul 2023 15:39:00 GMT">
  <testcase classname="SwagLabsTest" name="loginTest" time="12.691"/>
  <testcase classname="SwagLabsTest" name="getProductNamesAndPrices" time="18.305"/>
  <testcase classname="SwagLabsTest" name="addToCart" time="36.839"/>
  <testcase classname="SwagLabsTest" name="addMultipleItemsToCart" time="20.205"/>
</testsuite> <!-- Default test -->
