<?xml version="1.0" encoding="UTF-8"?>
<testng-results ignored="0" total="3" passed="3" failed="0" skipped="0">
  <reporter-output>
  </reporter-output>
  <suite started-at="2023-07-15T14:29:55Z" name="Default suite" finished-at="2023-07-15T14:30:38Z" duration-ms="42734">
    <groups>
    </groups>
    <test started-at="2023-07-15T14:29:55Z" name="Default test" finished-at="2023-07-15T14:30:38Z" duration-ms="42734">
      <class name="SwagLabsTest">
        <test-method is-config="true" signature="launchApp()[pri:0, instance:SwagLabsTest@1869fbd2]" started-at="2023-07-15T14:29:41Z" name="launchApp" finished-at="2023-07-15T14:29:55Z" duration-ms="14438" status="PASS">
          <reporter-output>
          </reporter-output>
        </test-method> <!-- launchApp -->
        <test-method signature="loginTest()[pri:0, instance:SwagLabsTest@1869fbd2]" started-at="2023-07-15T14:29:55Z" name="loginTest" finished-at="2023-07-15T14:30:05Z" duration-ms="9841" status="PASS">
          <reporter-output>
          </reporter-output>
        </test-method> <!-- loginTest -->
        <test-method signature="getProductNamesAndPrices()[pri:1, instance:SwagLabsTest@1869fbd2]" started-at="2023-07-15T14:30:05Z" name="getProductNamesAndPrices" finished-at="2023-07-15T14:30:23Z" duration-ms="17712" status="PASS">
          <reporter-output>
          </reporter-output>
        </test-method> <!-- getProductNamesAndPrices -->
        <test-method signature="addToCart()[pri:2, instance:SwagLabsTest@1869fbd2]" started-at="2023-07-15T14:30:23Z" name="addToCart" finished-at="2023-07-15T14:30:38Z" duration-ms="15144" status="PASS">
          <reporter-output>
          </reporter-output>
        </test-method> <!-- addToCart -->
      </class> <!-- SwagLabsTest -->
    </test> <!-- Default test -->
  </suite> <!-- Default suite -->
</testng-results>
